2021-07-14 10:48:45,446 INFO o.a.j.u.JMeterUtils: Setting Locale to en_EN
2021-07-14 10:48:45,469 INFO o.a.j.JMeter: Loading user properties from: /opt/jmeter/bin/user.properties
2021-07-14 10:48:45,469 INFO o.a.j.JMeter: Loading system properties from: /opt/jmeter/bin/system.properties
2021-07-14 10:48:45,470 INFO o.a.j.JMeter: Copyright (c) 1998-2019 The Apache Software Foundation
2021-07-14 10:48:45,470 INFO o.a.j.JMeter: Version 5.2.1
2021-07-14 10:48:45,470 INFO o.a.j.JMeter: java.version=11.0.11
2021-07-14 10:48:45,470 INFO o.a.j.JMeter: java.vm.name=OpenJDK 64-Bit Server VM
2021-07-14 10:48:45,470 INFO o.a.j.JMeter: os.name=Linux
2021-07-14 10:48:45,470 INFO o.a.j.JMeter: os.arch=amd64
2021-07-14 10:48:45,470 INFO o.a.j.JMeter: os.version=5.4.0-77-generic
2021-07-14 10:48:45,470 INFO o.a.j.JMeter: file.encoding=UTF-8
2021-07-14 10:48:45,470 INFO o.a.j.JMeter: java.awt.headless=null
2021-07-14 10:48:45,471 INFO o.a.j.JMeter: Max memory     =1073741824
2021-07-14 10:48:45,471 INFO o.a.j.JMeter: Available Processors =8
2021-07-14 10:48:45,476 INFO o.a.j.JMeter: Default Locale=English (EN)
2021-07-14 10:48:45,477 INFO o.a.j.JMeter: JMeter  Locale=English (EN)
2021-07-14 10:48:45,477 INFO o.a.j.JMeter: JMeterHome=/opt/jmeter
2021-07-14 10:48:45,477 INFO o.a.j.JMeter: user.dir  =/mnt/wdblue/home/dbriskin/danny/articles/github-pages/docs/_posts
2021-07-14 10:48:45,477 INFO o.a.j.JMeter: PWD       =/mnt/wdblue/home/dbriskin/danny/articles/github-pages/docs/_posts
2021-07-14 10:48:45,477 INFO o.a.j.JMeter: IP: 127.0.1.1 Name: turnberryserver FullName: turnberryserver
2021-07-14 10:48:45,955 INFO o.a.j.g.a.LookAndFeelCommand: Installing Darcula LAF
2021-07-14 10:48:45,970 INFO o.a.j.g.a.LookAndFeelCommand: Using look and feel: com.bulenkov.darcula.DarculaLaf [Darcula]
2021-07-14 10:48:45,970 INFO o.a.j.JMeter: Setting LAF to: com.bulenkov.darcula.DarculaLaf
2021-07-14 10:48:46,015 INFO o.a.j.JMeter: Loaded icon properties from org/apache/jmeter/images/icon.properties
2021-07-14 10:48:46,522 INFO o.j.r.JARSourceHTTP: Requesting https://jmeter-plugins.org/repo/?installID=linux-27c144ec22f6bab37329b1d03137aa7a-gui
2021-07-14 10:48:47,409 INFO o.j.r.PluginManager: Plugins Status: [jpgc-graphs-basic=2.0, jpgc-graphs-additional=2.0, jpgc-plugins-manager=1.6, jpgc-webdriver=3.3, websocket-sampler=1.0.2-SNAPSHOT, websocket-samplers=1.2.8, jmeter-core=5.2.1, jmeter-ftp=5.2.1, jmeter-http=5.2.1, jmeter-jdbc=5.2.1, jmeter-jms=5.2.1, jmeter-junit=5.2.1, jmeter-java=5.2.1, jmeter-ldap=5.2.1, jmeter-mail=5.2.1, jmeter-mongodb=5.2.1, jmeter-native=5.2.1, jmeter-tcp=5.2.1, jmeter-components=5.2.1]
2021-07-14 10:48:48,388 INFO o.a.j.p.h.s.HTTPSamplerBase: Parser for text/html is org.apache.jmeter.protocol.http.parser.LagartoBasedHtmlParser
2021-07-14 10:48:48,388 INFO o.a.j.p.h.s.HTTPSamplerBase: Parser for application/xhtml+xml is org.apache.jmeter.protocol.http.parser.LagartoBasedHtmlParser
2021-07-14 10:48:48,388 INFO o.a.j.p.h.s.HTTPSamplerBase: Parser for application/xml is org.apache.jmeter.protocol.http.parser.LagartoBasedHtmlParser
2021-07-14 10:48:48,388 INFO o.a.j.p.h.s.HTTPSamplerBase: Parser for text/xml is org.apache.jmeter.protocol.http.parser.LagartoBasedHtmlParser
2021-07-14 10:48:48,389 INFO o.a.j.p.h.s.HTTPSamplerBase: Parser for text/vnd.wap.wml is org.apache.jmeter.protocol.http.parser.RegexpHTMLParser
2021-07-14 10:48:48,389 INFO o.a.j.p.h.s.HTTPSamplerBase: Parser for text/css is org.apache.jmeter.protocol.http.parser.CssParser
2021-07-14 10:48:48,601 INFO o.a.j.e.KeyToolUtils: keytool found at 'keytool'
2021-07-14 10:48:48,601 INFO o.a.j.p.h.p.ProxyControl: HTTP(S) Test Script Recorder SSL Proxy will use keys that support embedded 3rd party resources in file /opt/jmeter/bin/proxyserver.jks
2021-07-14 10:48:48,682 INFO o.a.j.s.FileServer: Default base='/mnt/wdblue/home/dbriskin/danny/articles/github-pages/docs/_posts'
2021-07-14 10:48:48,918 INFO o.a.j.s.SampleResult: Note: Sample TimeStamps are START times
2021-07-14 10:48:48,918 INFO o.a.j.s.SampleResult: sampleresult.default.encoding is set to ISO-8859-1
2021-07-14 10:48:48,918 INFO o.a.j.s.SampleResult: sampleresult.useNanoTime=true
2021-07-14 10:48:48,919 INFO o.a.j.s.SampleResult: sampleresult.nanoThreadSleep=5000
2021-07-14 10:48:48,933 INFO o.a.j.v.ViewResultsFullVisualizer: Add JavaFX to your Java installation if you want to use renderer: org.apache.jmeter.visualizers.RenderInBrowser
